<?xml version="1.0" encoding="UTF-8"?>
<testng-results ignored="0" total="1" passed="1" failed="0" skipped="0">
  <reporter-output>
  </reporter-output>
  <suite started-at="2022-05-25T04:43:08Z" name="Surefire suite" finished-at="2022-05-25T04:43:08Z" duration-ms="108">
    <groups>
    </groups>
    <test started-at="2022-05-25T04:43:08Z" name="Surefire test" finished-at="2022-05-25T04:43:08Z" duration-ms="108">
      <class name="pack.AppTest">
        <test-method signature="shouldAnswerWithTrue()" started-at="2022-05-25T04:43:08Z" name="shouldAnswerWithTrue" finished-at="2022-05-25T04:43:08Z" duration-ms="15" status="PASS">
          <reporter-output>
          </reporter-output>
        </test-method> <!-- shouldAnswerWithTrue -->
      </class> <!-- pack.AppTest -->
    </test> <!-- Surefire test -->
  </suite> <!-- Surefire suite -->
</testng-results>
